<?xml version="1.0" encoding="UTF-8"?>
<!-- Generated by org.testng.reporters.JUnitXMLReporter -->
<testsuite hostname="DESKTOP-1OA425B" ignored="0" name="Regression Functional Test" tests="6" failures="0" timestamp="07 Jul 2020 05:44:31 GMT" time="48.983" errors="0">
  <testcase name="verifyLoginPageTitleTest" time="1.36" classname="com.qa.hubspot.tests.LoginPageTest"/>
  <testcase name="verifySignUpLinkTest" time="2.408" classname="com.qa.hubspot.tests.LoginPageTest"/>
  <testcase name="verifyForgotMyPasswordTest" time="1.777" classname="com.qa.hubspot.tests.LoginPageTest"/>
  <testcase name="verifyShowpasswordTest" time="1.657" classname="com.qa.hubspot.tests.LoginPageTest"/>
  <testcase name="verifySSOButtonTest" time="1.294" classname="com.qa.hubspot.tests.LoginPageTest"/>
  <testcase name="loginTest" time="20.326" classname="com.qa.hubspot.tests.LoginPageTest"/>
</testsuite> <!-- Regression Functional Test -->
